;  LST file generated by mikroListExporter - v.2.0 
; Date/Time: 5/17/2011 11:44:52 AM
;----------------------------------------------

;Address Opcode 	ASM
0x0000	0xF001EF28  	GOTO        592
_interrupt:
;simon.c,119 :: 		void interrupt(){
0x0008	0xF019C000  	MOVFF       R0, 25
0x000C	0xF018C001  	MOVFF       R1, 24
0x0010	0xF017C002  	MOVFF       R2, 23
0x0014	0xF016C00B  	MOVFF       R11, 22
0x0018	0xF015C00C  	MOVFF       R12, 21
;simon.c,120 :: 		TMR0L=100;
0x001C	0xF01ACFE9  	MOVFF       FSR0, 26
0x0020	0xF01BCFEA  	MOVFF       FSR0H, 27
0x0024	0x0E64      	MOVLW       100
0x0026	0x6ED6      	MOVWF       TMR0L 
;simon.c,134 :: 		INTCON=0x20;
0x0028	0x0E20      	MOVLW       32
0x002A	0x6EF2      	MOVWF       INTCON 
;simon.c,135 :: 		Flag++;
0x002C	0x4A1E      	INFSNZ      _Flag, 1 
0x002E	0x2A1F      	INCF        _Flag+1, 1 
;simon.c,136 :: 		if(Flag>3){
0x0030	0x0E00      	MOVLW       0
0x0032	0x6E00      	MOVWF       R0 
0x0034	0x501F      	MOVF        _Flag+1, 0 
0x0036	0x5C00      	SUBWF       R0, 0 
0x0038	0xE102      	BNZ         L__interrupt60
0x003A	0x501E      	MOVF        _Flag, 0 
0x003C	0x0803      	SUBLW       3
L__interrupt60:
0x003E	0xE204      	BC          L_interrupt4
;simon.c,137 :: 		Flag=1;
0x0040	0x0E01      	MOVLW       1
0x0042	0x6E1E      	MOVWF       _Flag 
0x0044	0x0E00      	MOVLW       0
0x0046	0x6E1F      	MOVWF       _Flag+1 
;simon.c,138 :: 		}
L_interrupt4:
;simon.c,139 :: 		DIGIT1=DIGIT2=DIGIT3=0;
0x0048	0x9484      	BCF         PORTE, 2 
0x004A	0xB484      	BTFSC       PORTE, 2 
0x004C	0xD002      	BRA         L__interrupt61
0x004E	0x9284      	BCF         PORTE, 1 
0x0050	0xD001      	BRA         L__interrupt62
L__interrupt61:
0x0052	0x8284      	BSF         PORTE, 1 
L__interrupt62:
0x0054	0xB284      	BTFSC       PORTE, 1 
0x0056	0xD002      	BRA         L__interrupt63
0x0058	0x9084      	BCF         PORTE, 0 
0x005A	0xD001      	BRA         L__interrupt64
L__interrupt63:
0x005C	0x8084      	BSF         PORTE, 0 
L__interrupt64:
;simon.c,140 :: 		D3=(score-score%100)/100;
0x005E	0x0E64      	MOVLW       100
0x0060	0x6E04      	MOVWF       R4 
0x0062	0x0E00      	MOVLW       0
0x0064	0x6E05      	MOVWF       R5 
0x0066	0xF000C027  	MOVFF       _score, R0
0x006A	0xF001C028  	MOVFF       _score+1, R1
0x006E	0xD8CD      	RCALL       _Div_16x16_U
0x0070	0xF000C008  	MOVFF       R8, R0
0x0074	0xF001C009  	MOVFF       R9, R1
0x0078	0x5000      	MOVF        R0, 0 
0x007A	0x5C27      	SUBWF       _score, 0 
0x007C	0x6E00      	MOVWF       R0 
0x007E	0x5001      	MOVF        R1, 0 
0x0080	0x5828      	SUBWFB      _score+1, 0 
0x0082	0x6E01      	MOVWF       R1 
0x0084	0x0E64      	MOVLW       100
0x0086	0x6E04      	MOVWF       R4 
0x0088	0x0E00      	MOVLW       0
0x008A	0x6E05      	MOVWF       R5 
0x008C	0xD8BE      	RCALL       _Div_16x16_U
0x008E	0xF05CC000  	MOVFF       R0, _D3
0x0092	0xF05DC001  	MOVFF       R1, _D3+1
;simon.c,141 :: 		D2=(score-D3*100)/10;
0x0096	0x0E64      	MOVLW       100
0x0098	0x6E04      	MOVWF       R4 
0x009A	0x0E00      	MOVLW       0
0x009C	0x6E05      	MOVWF       R5 
0x009E	0xD86E      	RCALL       _Mul_16x16_U
0x00A0	0x5000      	MOVF        R0, 0 
0x00A2	0x5C27      	SUBWF       _score, 0 
0x00A4	0x6E00      	MOVWF       R0 
0x00A6	0x5001      	MOVF        R1, 0 
0x00A8	0x5828      	SUBWFB      _score+1, 0 
0x00AA	0x6E01      	MOVWF       R1 
0x00AC	0x0E0A      	MOVLW       10
0x00AE	0x6E04      	MOVWF       R4 
0x00B0	0x0E00      	MOVLW       0
0x00B2	0x6E05      	MOVWF       R5 
0x00B4	0xD8AA      	RCALL       _Div_16x16_U
0x00B6	0xF058C000  	MOVFF       R0, _D2
0x00BA	0xF059C001  	MOVFF       R1, _D2+1
;simon.c,142 :: 		D1=(score-D3*100-D2*10);
0x00BE	0xF000C05C  	MOVFF       _D3, R0
0x00C2	0xF001C05D  	MOVFF       _D3+1, R1
0x00C6	0x0E64      	MOVLW       100
0x00C8	0x6E04      	MOVWF       R4 
0x00CA	0x0E00      	MOVLW       0
0x00CC	0x6E05      	MOVWF       R5 
0x00CE	0xD856      	RCALL       _Mul_16x16_U
0x00D0	0x5000      	MOVF        R0, 0 
0x00D2	0x5C27      	SUBWF       _score, 0 
0x00D4	0x6E5A      	MOVWF       _D1 
0x00D6	0x5001      	MOVF        R1, 0 
0x00D8	0x5828      	SUBWFB      _score+1, 0 
0x00DA	0x6E5B      	MOVWF       _D1+1 
0x00DC	0xF000C058  	MOVFF       _D2, R0
0x00E0	0xF001C059  	MOVFF       _D2+1, R1
0x00E4	0x0E0A      	MOVLW       10
0x00E6	0x6E04      	MOVWF       R4 
0x00E8	0x0E00      	MOVLW       0
0x00EA	0x6E05      	MOVWF       R5 
0x00EC	0xD847      	RCALL       _Mul_16x16_U
0x00EE	0x5000      	MOVF        R0, 0 
0x00F0	0x5E5A      	SUBWF       _D1, 1 
0x00F2	0x5001      	MOVF        R1, 0 
0x00F4	0x5A5B      	SUBWFB      _D1+1, 1 
;simon.c,143 :: 		switch(Flag){
0x00F6	0xD021      	BRA         L_interrupt5
;simon.c,144 :: 		case 1:
L_interrupt7:
;simon.c,145 :: 		PORTC=Display(D1);
0x00F8	0xF060C05A  	MOVFF       _D1, FARG_Display_no
0x00FC	0xD867      	RCALL       _Display
0x00FE	0xFF82C000  	MOVFF       R0, PORTC
;simon.c,146 :: 		DIGIT1=ON;
0x0102	0x8084      	BSF         PORTE, 0 
;simon.c,147 :: 		break;
0x0104	0xD02C      	BRA         L_interrupt6
;simon.c,149 :: 		case 2:
L_interrupt8:
;simon.c,150 :: 		PORTC=Display(D2);
0x0106	0xF060C058  	MOVFF       _D2, FARG_Display_no
0x010A	0xD860      	RCALL       _Display
0x010C	0xFF82C000  	MOVFF       R0, PORTC
;simon.c,151 :: 		if(score>=10){
0x0110	0x0E00      	MOVLW       0
0x0112	0x5C28      	SUBWF       _score+1, 0 
0x0114	0xE102      	BNZ         L__interrupt65
0x0116	0x0E0A      	MOVLW       10
0x0118	0x5C27      	SUBWF       _score, 0 
L__interrupt65:
0x011A	0xB0D8      	BTFSC       STATUS, 0 
;simon.c,152 :: 		DIGIT2=ON;
0x011C	0x8284      	BSF         PORTE, 1 
;simon.c,153 :: 		}
L_interrupt9:
;simon.c,154 :: 		break;
0x011E	0xD01F      	BRA         L_interrupt6
;simon.c,156 :: 		case 3:
L_interrupt10:
;simon.c,157 :: 		PORTC=Display(D3);
0x0120	0xF060C05C  	MOVFF       _D3, FARG_Display_no
0x0124	0xD853      	RCALL       _Display
0x0126	0xFF82C000  	MOVFF       R0, PORTC
;simon.c,158 :: 		if(score>=100){
0x012A	0x0E00      	MOVLW       0
0x012C	0x5C28      	SUBWF       _score+1, 0 
0x012E	0xE102      	BNZ         L__interrupt66
0x0130	0x0E64      	MOVLW       100
0x0132	0x5C27      	SUBWF       _score, 0 
L__interrupt66:
0x0134	0xB0D8      	BTFSC       STATUS, 0 
;simon.c,159 :: 		DIGIT3=ON;
0x0136	0x8484      	BSF         PORTE, 2 
;simon.c,160 :: 		}
L_interrupt11:
;simon.c,161 :: 		break;
0x0138	0xD012      	BRA         L_interrupt6
;simon.c,162 :: 		}
L_interrupt5:
0x013A	0x0E00      	MOVLW       0
0x013C	0x181F      	XORWF       _Flag+1, 0 
0x013E	0xE102      	BNZ         L__interrupt67
0x0140	0x0E01      	MOVLW       1
0x0142	0x181E      	XORWF       _Flag, 0 
L__interrupt67:
0x0144	0xE0D9      	BZ          L_interrupt7
0x0146	0x0E00      	MOVLW       0
0x0148	0x181F      	XORWF       _Flag+1, 0 
0x014A	0xE102      	BNZ         L__interrupt68
0x014C	0x0E02      	MOVLW       2
0x014E	0x181E      	XORWF       _Flag, 0 
L__interrupt68:
0x0150	0xE0DA      	BZ          L_interrupt8
0x0152	0x0E00      	MOVLW       0
0x0154	0x181F      	XORWF       _Flag+1, 0 
0x0156	0xE102      	BNZ         L__interrupt69
0x0158	0x0E03      	MOVLW       3
0x015A	0x181E      	XORWF       _Flag, 0 
L__interrupt69:
0x015C	0xE0E1      	BZ          L_interrupt10
L_interrupt6:
;simon.c,163 :: 		}
L__interrupt59:
0x015E	0xF000C019  	MOVFF       25, R0
0x0162	0xF001C018  	MOVFF       24, R1
0x0166	0xF002C017  	MOVFF       23, R2
0x016A	0xF00BC016  	MOVFF       22, R11
0x016E	0xF00CC015  	MOVFF       21, R12
0x0172	0xFFE9C01A  	MOVFF       26, FSR0
0x0176	0xFFEAC01B  	MOVFF       27, FSR0H
0x017A	0x0011      	RETFIE      1
; end of _interrupt
_Mul_16x16_U:
;__Lib_Math.c,437 :: 		
;__Lib_Math.c,444 :: 		
0x017C	0x6A0B      	CLRF        R11, 0
;__Lib_Math.c,445 :: 		
0x017E	0x6A0A      	CLRF        R10, 0
;__Lib_Math.c,446 :: 		
0x0180	0x6A09      	CLRF        R9, 0
;__Lib_Math.c,447 :: 		
0x0182	0x5000      	MOVF        R0, 0, 0
;__Lib_Math.c,448 :: 		
0x0184	0x0204      	MULWF       R4, 0
;__Lib_Math.c,450 :: 		
0x0186	0xF009CFF4  	MOVFF       PRODH, R9
;__Lib_Math.c,451 :: 		
0x018A	0xF008CFF3  	MOVFF       PRODL, R8
;__Lib_Math.c,452 :: 		
0x018E	0x5001      	MOVF        R1, 0, 0
;__Lib_Math.c,453 :: 		
0x0190	0x0205      	MULWF       R5, 0
;__Lib_Math.c,455 :: 		
0x0192	0xF00BCFF4  	MOVFF       PRODH, R11
;__Lib_Math.c,456 :: 		
0x0196	0xF00ACFF3  	MOVFF       PRODL, R10
;__Lib_Math.c,457 :: 		
0x019A	0x5000      	MOVF        R0, 0, 0
;__Lib_Math.c,458 :: 		
0x019C	0x0205      	MULWF       R5, 0
;__Lib_Math.c,460 :: 		
0x019E	0x50F3      	MOVF        PRODL, 0, 0
;__Lib_Math.c,461 :: 		
0x01A0	0x2609      	ADDWF       R9, 1, 0
;__Lib_Math.c,462 :: 		
0x01A2	0x50F4      	MOVF        PRODH, 0, 0
;__Lib_Math.c,463 :: 		
0x01A4	0x220A      	ADDWFC      R10, 1, 0
;__Lib_Math.c,464 :: 		
0x01A6	0x6AE8      	CLRF        WREG, 0
;__Lib_Math.c,465 :: 		
0x01A8	0x220B      	ADDWFC      R11, 1, 0
;__Lib_Math.c,466 :: 		
0x01AA	0x5001      	MOVF        R1, 0, 0
;__Lib_Math.c,467 :: 		
0x01AC	0x0204      	MULWF       R4, 0
;__Lib_Math.c,469 :: 		
0x01AE	0x50F3      	MOVF        PRODL, 0, 0
;__Lib_Math.c,470 :: 		
0x01B0	0x2609      	ADDWF       R9, 1, 0
;__Lib_Math.c,471 :: 		
0x01B2	0x50F4      	MOVF        PRODH, 0, 0
;__Lib_Math.c,472 :: 		
0x01B4	0x220A      	ADDWFC      R10, 1, 0
;__Lib_Math.c,473 :: 		
0x01B6	0x6AE8      	CLRF        WREG, 0
;__Lib_Math.c,474 :: 		
0x01B8	0x220B      	ADDWFC      R11, 1, 0
;__Lib_Math.c,476 :: 		
0x01BA	0xF000C008  	MOVFF       R8, R0
;__Lib_Math.c,477 :: 		
0x01BE	0xF001C009  	MOVFF       R9, R1
;__Lib_Math.c,478 :: 		
0x01C2	0xF002C00A  	MOVFF       R10, R2
;__Lib_Math.c,479 :: 		
0x01C6	0xF003C00B  	MOVFF       R11, R3
;__Lib_Math.c,482 :: 		
0x01CA	0x0012      	RETURN      0
; end of _Mul_16x16_U
_Display:
;simon.c,97 :: 		unsigned char Display(unsigned char no){
;simon.c,110 :: 		};
0x01CC	0x0E77      	MOVLW       119
0x01CE	0x6E61      	MOVWF       Display_SEGMENT_L0 
0x01D0	0x0E42      	MOVLW       66
0x01D2	0x6E62      	MOVWF       Display_SEGMENT_L0+1 
0x01D4	0x0E3B      	MOVLW       59
0x01D6	0x6E63      	MOVWF       Display_SEGMENT_L0+2 
0x01D8	0x0E6B      	MOVLW       107
0x01DA	0x6E64      	MOVWF       Display_SEGMENT_L0+3 
0x01DC	0x0E4E      	MOVLW       78
0x01DE	0x6E65      	MOVWF       Display_SEGMENT_L0+4 
0x01E0	0x0E6D      	MOVLW       109
0x01E2	0x6E66      	MOVWF       Display_SEGMENT_L0+5 
0x01E4	0x0E7D      	MOVLW       125
0x01E6	0x6E67      	MOVWF       Display_SEGMENT_L0+6 
0x01E8	0x0E43      	MOVLW       67
0x01EA	0x6E68      	MOVWF       Display_SEGMENT_L0+7 
0x01EC	0x0E7F      	MOVLW       127
0x01EE	0x6E69      	MOVWF       Display_SEGMENT_L0+8 
0x01F0	0x0E6F      	MOVLW       111
0x01F2	0x6E6A      	MOVWF       Display_SEGMENT_L0+9 
;simon.c,111 :: 		Pattern=SEGMENT[no];
0x01F4	0x0E61      	MOVLW       Display_SEGMENT_L0
0x01F6	0x6EE9      	MOVWF       FSR0 
0x01F8	0x0E00      	MOVLW       hi_addr(Display_SEGMENT_L0)
0x01FA	0x6EEA      	MOVWF       FSR0H 
0x01FC	0x5060      	MOVF        FARG_Display_no, 0 
0x01FE	0x26E9      	ADDWF       FSR0, 1 
0x0200	0xB0D8      	BTFSC       STATUS, 0 
0x0202	0x2AEA      	INCF        FSR0H, 1 
;simon.c,112 :: 		return(Pattern);
0x0204	0xF000CFEE  	MOVFF       POSTINC0, R0
;simon.c,113 :: 		}
0x0208	0x0012      	RETURN      0
; end of _Display
_Div_16x16_U:
;__Lib_Math.c,102 :: 		
;__Lib_Math.c,109 :: 		
0x020A	0x6A08      	CLRF        R8, 0
;__Lib_Math.c,110 :: 		
0x020C	0x6A09      	CLRF        R9, 0
;__Lib_Math.c,111 :: 		
0x020E	0x0E10      	MOVLW       16
;__Lib_Math.c,112 :: 		
0x0210	0x6E0C      	MOVWF       R12, 0
;__Lib_Math.c,113 :: 		
0x0212	0x3401      	RLCF        R1, 0, 0
;__Lib_Math.c,114 :: 		
0x0214	0x3608      	RLCF        R8, 1, 0
;__Lib_Math.c,115 :: 		
0x0216	0x3609      	RLCF        R9, 1, 0
;__Lib_Math.c,116 :: 		
0x0218	0x5004      	MOVF        R4, 0, 0
;__Lib_Math.c,117 :: 		
0x021A	0x5E08      	SUBWF       R8, 1, 0
;__Lib_Math.c,118 :: 		
0x021C	0x5005      	MOVF        R5, 0, 0
;__Lib_Math.c,119 :: 		
0x021E	0xA0D8      	BTFSS       STATUS, 0, 0
;__Lib_Math.c,120 :: 		
0x0220	0x3C05      	INCFSZ      R5, 0, 0
;__Lib_Math.c,121 :: 		
0x0222	0x5E09      	SUBWF       R9, 1, 0
;__Lib_Math.c,122 :: 		
0x0224	0xB0D8      	BTFSC       STATUS, 0, 0
;__Lib_Math.c,123 :: 		
0x0226	0xD007      	BRA         $+16
;__Lib_Math.c,124 :: 		
0x0228	0x5004      	MOVF        R4, 0, 0
;__Lib_Math.c,125 :: 		
0x022A	0x2608      	ADDWF       R8, 1, 0
;__Lib_Math.c,126 :: 		
0x022C	0x5005      	MOVF        R5, 0, 0
;__Lib_Math.c,127 :: 		
0x022E	0xB0D8      	BTFSC       STATUS, 0, 0
;__Lib_Math.c,128 :: 		
0x0230	0x3C05      	INCFSZ      R5, 0, 0
;__Lib_Math.c,129 :: 		
0x0232	0x2609      	ADDWF       R9, 1, 0
;__Lib_Math.c,130 :: 		
0x0234	0x90D8      	BCF         STATUS, 0, 0
;__Lib_Math.c,131 :: 		
0x0236	0x3600      	RLCF        R0, 1, 0
;__Lib_Math.c,132 :: 		
0x0238	0x3601      	RLCF        R1, 1, 0
;__Lib_Math.c,133 :: 		
0x023A	0x2E0C      	DECFSZ      R12, 1, 0
;__Lib_Math.c,134 :: 		
0x023C	0xD7EA      	BRA         $-42
;__Lib_Math.c,136 :: 		
0x023E	0x0012      	RETURN      0
; end of _Div_16x16_U
___CC2DW:
;__Lib_System.c,21 :: 		
;__Lib_System.c,23 :: 		
_CC2DL_Loop1:
;__Lib_System.c,24 :: 		
0x0240	0x0009      	TBLRD*+
;__Lib_System.c,25 :: 		
0x0242	0xFFE6CFF5  	MOVFF       TABLAT, POSTINC1
;__Lib_System.c,26 :: 		
0x0246	0x0600      	DECF        R0, 1, 0
;__Lib_System.c,27 :: 		
0x0248	0xE1FB      	BNZ         _CC2DL_Loop1
;__Lib_System.c,28 :: 		
0x024A	0x0601      	DECF        R1, 1, 0
;__Lib_System.c,29 :: 		
0x024C	0xE1F9      	BNZ         _CC2DL_Loop1
;__Lib_System.c,31 :: 		
0x024E	0x0012      	RETURN      0
; end of ___CC2DW
_main:
0x0250	0x6A1C      	CLRF        _position_ 
0x0252	0x6A1D      	CLRF        29 
0x0254	0x0E01      	MOVLW       1
0x0256	0x6E1E      	MOVWF       _Flag 
0x0258	0x6A1F      	CLRF        31 
0x025A	0x0E01      	MOVLW       1
0x025C	0x6E20      	MOVWF       _Seed 
0x025E	0x6A21      	CLRF        _position 
0x0260	0x6A22      	CLRF        34 
;simon.c,172 :: 		void main() {
;simon.c,182 :: 		OSCCON=0x6E;
0x0262	0x0E6E      	MOVLW       110
0x0264	0x6ED3      	MOVWF       OSCCON 
;simon.c,188 :: 		CMCON=0x07;
0x0266	0x0E07      	MOVLW       7
0x0268	0x6EB4      	MOVWF       CMCON 
;simon.c,197 :: 		ADCON0=0x02;
0x026A	0x0E02      	MOVLW       2
0x026C	0x6EC2      	MOVWF       ADCON0 
;simon.c,206 :: 		ADCON1=0x0B;
0x026E	0x0E0B      	MOVLW       11
0x0270	0x6EC1      	MOVWF       ADCON1 
;simon.c,218 :: 		T0CON=0xC4;
0x0272	0x0EC4      	MOVLW       196
0x0274	0x6ED5      	MOVWF       T0CON 
;simon.c,220 :: 		TMR0L=100;
0x0276	0x0E64      	MOVLW       100
0x0278	0x6ED6      	MOVWF       TMR0L 
;simon.c,234 :: 		INTCON=0xA0;
0x027A	0x0EA0      	MOVLW       160
0x027C	0x6EF2      	MOVWF       INTCON 
;simon.c,247 :: 		TRISB=TRISD=0x00;
0x027E	0x6A95      	CLRF        TRISD 
0x0280	0xFF93CF95  	MOVFF       TRISD, TRISB
;simon.c,248 :: 		while(1){
L_main12:
;simon.c,249 :: 		PORTB=0x00;
0x0284	0x6A81      	CLRF        PORTB 
;simon.c,250 :: 		PORTD=0xFF;
0x0286	0x0EFF      	MOVLW       255
0x0288	0x6E83      	MOVWF       PORTD 
;simon.c,251 :: 		Delay_ms(5);
0x028A	0x0E07      	MOVLW       7
0x028C	0x6E0C      	MOVWF       R12, 0
0x028E	0x0E7D      	MOVLW       125
0x0290	0x6E0D      	MOVWF       R13, 0
L_main14:
0x0292	0x2E0D      	DECFSZ      R13, 1, 0
0x0294	0xD7FE      	BRA         L_main14
0x0296	0x2E0C      	DECFSZ      R12, 1, 0
0x0298	0xD7FC      	BRA         L_main14
;simon.c,252 :: 		for(i=0; i<256; i++){
0x029A	0x6A29      	CLRF        _i 
0x029C	0x6A2A      	CLRF        _i+1 
L_main15:
0x029E	0x0E01      	MOVLW       1
0x02A0	0x5C2A      	SUBWF       _i+1, 0 
0x02A2	0xE102      	BNZ         L__main70
0x02A4	0x0E00      	MOVLW       0
0x02A6	0x5C29      	SUBWF       _i, 0 
L__main70:
0x02A8	0xE20E      	BC          L_main16
;simon.c,253 :: 		PORTB=i;
0x02AA	0xFF81C029  	MOVFF       _i, PORTB
;simon.c,254 :: 		Delay_ms(5);
0x02AE	0x0E07      	MOVLW       7
0x02B0	0x6E0C      	MOVWF       R12, 0
0x02B2	0x0E7D      	MOVLW       125
0x02B4	0x6E0D      	MOVWF       R13, 0
L_main18:
0x02B6	0x2E0D      	DECFSZ      R13, 1, 0
0x02B8	0xD7FE      	BRA         L_main18
0x02BA	0x2E0C      	DECFSZ      R12, 1, 0
0x02BC	0xD7FC      	BRA         L_main18
;simon.c,255 :: 		PORTD=~PORTD;
0x02BE	0x1E83      	COMF        PORTD, 1 
;simon.c,252 :: 		for(i=0; i<256; i++){
0x02C0	0x4A29      	INFSNZ      _i, 1 
0x02C2	0x2A2A      	INCF        _i+1, 1 
;simon.c,256 :: 		}
0x02C4	0xD7EC      	BRA         L_main15
L_main16:
;simon.c,257 :: 		}
0x02C6	0xD7DE      	BRA         L_main12
;simon.c,277 :: 		Delay_ms(DELAY/6);
L_main22:
0x02C8	0x2E0D      	DECFSZ      R13, 1, 0
0x02CA	0xD7FE      	BRA         L_main22
0x02CC	0x2E0C      	DECFSZ      R12, 1, 0
0x02CE	0xD7FC      	BRA         L_main22
0x02D0	0x0000      	NOP
0x02D2	0x0000      	NOP
;simon.c,278 :: 		BLUE=OFF;
0x02D4	0x9E83      	BCF         PORTD, 7 
;simon.c,279 :: 		RED=ON;
0x02D6	0x8C83      	BSF         PORTD, 6 
;simon.c,280 :: 		Delay_ms(DELAY/6);
0x02D8	0x0E6C      	MOVLW       108
0x02DA	0x6E0C      	MOVWF       R12, 0
0x02DC	0x0EC9      	MOVLW       201
0x02DE	0x6E0D      	MOVWF       R13, 0
L_main23:
0x02E0	0x2E0D      	DECFSZ      R13, 1, 0
0x02E2	0xD7FE      	BRA         L_main23
0x02E4	0x2E0C      	DECFSZ      R12, 1, 0
0x02E6	0xD7FC      	BRA         L_main23
0x02E8	0x0000      	NOP
0x02EA	0x0000      	NOP
;simon.c,281 :: 		RED=OFF;
0x02EC	0x9C83      	BCF         PORTD, 6 
;simon.c,282 :: 		GREEN=ON;
0x02EE	0x8A83      	BSF         PORTD, 5 
;simon.c,283 :: 		Delay_ms(DELAY/6);
0x02F0	0x0E6C      	MOVLW       108
0x02F2	0x6E0C      	MOVWF       R12, 0
0x02F4	0x0EC9      	MOVLW       201
0x02F6	0x6E0D      	MOVWF       R13, 0
L_main24:
0x02F8	0x2E0D      	DECFSZ      R13, 1, 0
0x02FA	0xD7FE      	BRA         L_main24
0x02FC	0x2E0C      	DECFSZ      R12, 1, 0
0x02FE	0xD7FC      	BRA         L_main24
0x0300	0x0000      	NOP
0x0302	0x0000      	NOP
;simon.c,284 :: 		GREEN=OFF;
0x0304	0x9A83      	BCF         PORTD, 5 
;simon.c,285 :: 		YELLOW=ON;
0x0306	0x8883      	BSF         PORTD, 4 
;simon.c,286 :: 		Delay_ms(DELAY/6);
0x0308	0x0E6C      	MOVLW       108
0x030A	0x6E0C      	MOVWF       R12, 0
0x030C	0x0EC9      	MOVLW       201
0x030E	0x6E0D      	MOVWF       R13, 0
L_main25:
0x0310	0x2E0D      	DECFSZ      R13, 1, 0
0x0312	0xD7FE      	BRA         L_main25
0x0314	0x2E0C      	DECFSZ      R12, 1, 0
0x0316	0xD7FC      	BRA         L_main25
0x0318	0x0000      	NOP
0x031A	0x0000      	NOP
;simon.c,287 :: 		YELLOW=OFF;
0x031C	0x9883      	BCF         PORTD, 4 
;simon.c,275 :: 		for(i=0; i<5; i++){
0x031E	0x4A29      	INFSNZ      _i, 1 
0x0320	0x2A2A      	INCF        _i+1, 1 
;simon.c,288 :: 		}
0x0322	0xD796      	BRA         L_main19
;simon.c,290 :: 		Delay_ms(3*DELAY/4);
L_main26:
0x0324	0x2E0D      	DECFSZ      R13, 1, 0
0x0326	0xD7FE      	BRA         L_main26
0x0328	0x2E0C      	DECFSZ      R12, 1, 0
0x032A	0xD7FC      	BRA         L_main26
0x032C	0x2E0B      	DECFSZ      R11, 1, 0
0x032E	0xD7FA      	BRA         L_main26
0x0330	0x0000      	NOP
;simon.c,291 :: 		score=0;
0x0332	0x6A27      	CLRF        _score 
0x0334	0x6A28      	CLRF        _score+1 
;simon.c,328 :: 		Delay_ms(DELAY/3);
L_main38:
0x0336	0x2E0D      	DECFSZ      R13, 1, 0
0x0338	0xD7FE      	BRA         L_main38
0x033A	0x2E0C      	DECFSZ      R12, 1, 0
0x033C	0xD7FC      	BRA         L_main38
0x033E	0x0000      	NOP
;simon.c,329 :: 		RED=BLUE=GREEN=YELLOW=OFF;
0x0340	0x9883      	BCF         PORTD, 4 
0x0342	0xB883      	BTFSC       PORTD, 4 
0x0344	0xD002      	BRA         L__main71
0x0346	0x9A83      	BCF         PORTD, 5 
0x0348	0xD001      	BRA         L__main72
L__main71:
0x034A	0x8A83      	BSF         PORTD, 5 
L__main72:
0x034C	0xBA83      	BTFSC       PORTD, 5 
0x034E	0xD002      	BRA         L__main73
0x0350	0x9E83      	BCF         PORTD, 7 
0x0352	0xD001      	BRA         L__main74
L__main73:
0x0354	0x8E83      	BSF         PORTD, 7 
L__main74:
0x0356	0xBE83      	BTFSC       PORTD, 7 
0x0358	0xD002      	BRA         L__main75
0x035A	0x9C83      	BCF         PORTD, 6 
0x035C	0xD001      	BRA         L__main76
L__main75:
0x035E	0x8C83      	BSF         PORTD, 6 
L__main76:
;simon.c,330 :: 		Delay_ms(DELAY/3);
0x0360	0x0ED8      	MOVLW       216
0x0362	0x6E0C      	MOVWF       R12, 0
0x0364	0x0E94      	MOVLW       148
0x0366	0x6E0D      	MOVWF       R13, 0
L_main39:
0x0368	0x2E0D      	DECFSZ      R13, 1, 0
0x036A	0xD7FE      	BRA         L_main39
0x036C	0x2E0C      	DECFSZ      R12, 1, 0
0x036E	0xD7FC      	BRA         L_main39
0x0370	0x0000      	NOP
;simon.c,304 :: 		for(i=0; i<position; i++){
0x0372	0x4A29      	INFSNZ      _i, 1 
0x0374	0x2A2A      	INCF        _i+1, 1 
;simon.c,331 :: 		}
0x0376	0xD76C      	BRA         L_main29
;simon.c,368 :: 		Delay_ms(DELAY/3);
L_main49:
0x0378	0x2E0D      	DECFSZ      R13, 1, 0
0x037A	0xD7FE      	BRA         L_main49
0x037C	0x2E0C      	DECFSZ      R12, 1, 0
0x037E	0xD7FC      	BRA         L_main49
0x0380	0x0000      	NOP
;simon.c,369 :: 		RED=BLUE=GREEN=YELLOW=OFF;
0x0382	0x9883      	BCF         PORTD, 4 
0x0384	0xB883      	BTFSC       PORTD, 4 
0x0386	0xD002      	BRA         L__main77
0x0388	0x9A83      	BCF         PORTD, 5 
0x038A	0xD001      	BRA         L__main78
L__main77:
0x038C	0x8A83      	BSF         PORTD, 5 
L__main78:
0x038E	0xBA83      	BTFSC       PORTD, 5 
0x0390	0xD002      	BRA         L__main79
0x0392	0x9E83      	BCF         PORTD, 7 
0x0394	0xD001      	BRA         L__main80
L__main79:
0x0396	0x8E83      	BSF         PORTD, 7 
L__main80:
0x0398	0xBE83      	BTFSC       PORTD, 7 
0x039A	0xD002      	BRA         L__main81
0x039C	0x9C83      	BCF         PORTD, 6 
0x039E	0xD001      	BRA         L__main82
L__main81:
0x03A0	0x8C83      	BSF         PORTD, 6 
L__main82:
;simon.c,370 :: 		}
0x03A2	0xD756      	BRA         L_main50
;simon.c,375 :: 		Delay_ms(4*DELAY/3);
L_main51:
0x03A4	0x2E0D      	DECFSZ      R13, 1, 0
0x03A6	0xD7FE      	BRA         L_main51
0x03A8	0x2E0C      	DECFSZ      R12, 1, 0
0x03AA	0xD7FC      	BRA         L_main51
0x03AC	0x2E0B      	DECFSZ      R11, 1, 0
0x03AE	0xD7FA      	BRA         L_main51
;simon.c,376 :: 		BAD=OFF;
0x03B0	0x9280      	BCF         PORTA, 1 
;simon.c,377 :: 		RED=BLUE=GREEN=YELLOW=OFF;
0x03B2	0x9883      	BCF         PORTD, 4 
0x03B4	0xB883      	BTFSC       PORTD, 4 
0x03B6	0xD002      	BRA         L__main83
0x03B8	0x9A83      	BCF         PORTD, 5 
0x03BA	0xD001      	BRA         L__main84
L__main83:
0x03BC	0x8A83      	BSF         PORTD, 5 
L__main84:
0x03BE	0xBA83      	BTFSC       PORTD, 5 
0x03C0	0xD002      	BRA         L__main85
0x03C2	0x9E83      	BCF         PORTD, 7 
0x03C4	0xD001      	BRA         L__main86
L__main85:
0x03C6	0x8E83      	BSF         PORTD, 7 
L__main86:
0x03C8	0xBE83      	BTFSC       PORTD, 7 
0x03CA	0xD002      	BRA         L__main87
0x03CC	0x9C83      	BCF         PORTD, 6 
0x03CE	0xD001      	BRA         L__main88
L__main87:
0x03D0	0x8C83      	BSF         PORTD, 6 
L__main88:
;simon.c,378 :: 		Delay_ms(2*DELAY);
0x03D2	0x0E06      	MOVLW       6
0x03D4	0x6E0B      	MOVWF       R11, 0
0x03D6	0x0E13      	MOVLW       19
0x03D8	0x6E0C      	MOVWF       R12, 0
0x03DA	0x0EAD      	MOVLW       173
0x03DC	0x6E0D      	MOVWF       R13, 0
L_main52:
0x03DE	0x2E0D      	DECFSZ      R13, 1, 0
0x03E0	0xD7FE      	BRA         L_main52
0x03E2	0x2E0C      	DECFSZ      R12, 1, 0
0x03E4	0xD7FC      	BRA         L_main52
0x03E6	0x2E0B      	DECFSZ      R11, 1, 0
0x03E8	0xD7FA      	BRA         L_main52
0x03EA	0x0000      	NOP
0x03EC	0x0000      	NOP
;simon.c,380 :: 		reset;
0x03EE	0x00FF      	RESET
;simon.c,382 :: 		break;
0x03F0	0xD72F      	BRA         L_main41
;simon.c,388 :: 		Delay_ms(DELAY/3);
L_main53:
0x03F2	0x2E0D      	DECFSZ      R13, 1, 0
0x03F4	0xD7FE      	BRA         L_main53
0x03F6	0x2E0C      	DECFSZ      R12, 1, 0
0x03F8	0xD7FC      	BRA         L_main53
0x03FA	0x0000      	NOP
;simon.c,389 :: 		}
0x03FC	0xD729      	BRA         L_main27
;simon.c,394 :: 		Delay_ms(200);
L_main56:
0x03FE	0x2E0D      	DECFSZ      R13, 1, 0
0x0400	0xD7FE      	BRA         L_main56
0x0402	0x2E0C      	DECFSZ      R12, 1, 0
0x0404	0xD7FC      	BRA         L_main56
0x0406	0x2E0B      	DECFSZ      R11, 1, 0
0x0408	0xD7FA      	BRA         L_main56
0x040A	0x0000      	NOP
;simon.c,395 :: 		GOOD=OFF;
0x040C	0x9080      	BCF         PORTA, 0 
;simon.c,396 :: 		WIN=ON;
0x040E	0x8480      	BSF         PORTA, 2 
;simon.c,397 :: 		Delay_ms(200);
0x0410	0x0E02      	MOVLW       2
0x0412	0x6E0B      	MOVWF       R11, 0
0x0414	0x0E04      	MOVLW       4
0x0416	0x6E0C      	MOVWF       R12, 0
0x0418	0x0EBA      	MOVLW       186
0x041A	0x6E0D      	MOVWF       R13, 0
L_main57:
0x041C	0x2E0D      	DECFSZ      R13, 1, 0
0x041E	0xD7FE      	BRA         L_main57
0x0420	0x2E0C      	DECFSZ      R12, 1, 0
0x0422	0xD7FC      	BRA         L_main57
0x0424	0x2E0B      	DECFSZ      R11, 1, 0
0x0426	0xD7FA      	BRA         L_main57
0x0428	0x0000      	NOP
;simon.c,398 :: 		WIN=OFF;
0x042A	0x9480      	BCF         PORTA, 2 
;simon.c,399 :: 		}
0x042C	0xD711      	BRA         L_main54
;simon.c,400 :: 		}
0x042E	0xD7FF      	BRA         $+0
; end of _main
Symbol List:
//** Routines locations **
//ADDRESS    SIZE    PROCEDURE
//----------------------------------------------
0x0008     [372]    _interrupt
0x017C      [80]    _Mul_16x16_U
0x01CC      [62]    _Display
0x020A      [54]    _Div_16x16_U
0x0240      [16]    ___CC2DW
0x0250     [480]    _main
//** Variables locations ** 
//ADDRESS    SIZE    VARIABLE
//----------------------------------------------
0x0000       [1]    R0
0x0001       [1]    R1
0x0002       [1]    R2
0x0003       [1]    R3
0x0004       [1]    R4
0x0005       [1]    R5
0x0006       [1]    R6
0x0007       [1]    R7
0x0008       [1]    R8
0x0009       [1]    R9
0x000A       [1]    R10
0x000B       [1]    R11
0x000C       [1]    R12
0x000D       [1]    R13
0x000E       [1]    R14
0x000F       [1]    R15
0x0010       [1]    R16
0x0011       [1]    R17
0x0012       [1]    R18
0x0013       [1]    R19
0x0014       [1]    R20
0x001C       [2]    _position_
0x001E       [2]    _Flag
0x0020       [1]    _Seed
0x0021       [2]    _position
0x0023       [2]    _SOUND
0x0025       [2]    _inp
0x0027       [2]    _score
0x0029       [2]    _i
0x002B      [45]    _series
0x0058       [2]    _D2
0x005A       [2]    _D1
0x005C       [2]    _D3
0x005E       [2]    FLOC__main
0x0060       [1]    FARG_Display_no
0x0061      [10]    Display_SEGMENT_L0
0x0F80       [0]    AN0_bit
0x0F80       [1]    PORTA
0x0F80       [0]    SS_bit
0x0F80       [0]    RA0_bit
0x0F80       [0]    AN4_bit
0x0F80       [0]    CLKO_bit
0x0F80       [0]    AN3_bit
0x0F80       [0]    OSC1_bit
0x0F80       [0]    RA7_bit
0x0F80       [0]    NOT_SS_bit
0x0F80       [0]    VREFN_bit
0x0F80       [0]    VREFP_bit
0x0F80       [0]    T0CKI_bit
0x0F80       [0]    CLKI_bit
0x0F80       [0]    AN2_bit
0x0F80       [0]    CVREF_bit
0x0F80       [0]    RA2_bit
0x0F80       [0]    LVDIN_bit
0x0F80       [0]    RA4_bit
0x0F80       [0]    RA3_bit
0x0F80       [0]    OSC2_bit
0x0F80       [0]    RA6_bit
0x0F80       [0]    AN1_bit
0x0F80       [0]    RA1_bit
0x0F80       [0]    RA5_bit
0x0F81       [0]    RB7_bit
0x0F81       [0]    RB2_bit
0x0F81       [0]    RB1_bit
0x0F81       [0]    RB0_bit
0x0F81       [0]    RB3_bit
0x0F81       [0]    RB6_bit
0x0F81       [0]    RB5_bit
0x0F81       [0]    RB4_bit
0x0F81       [0]    INT2_bit
0x0F81       [0]    KBI0_bit
0x0F81       [0]    KBI1_bit
0x0F81       [1]    PORTB
0x0F81       [0]    INT0_bit
0x0F81       [0]    INT1_bit
0x0F81       [0]    PGD_bit
0x0F81       [0]    PGC_bit
0x0F81       [0]    CCP2_PORTB_bit
0x0F81       [0]    KBI2_bit
0x0F81       [0]    KBI3_bit
0x0F81       [0]    PGM_bit
0x0F81       [0]    AN10_bit
0x0F81       [0]    AN9_bit
0x0F81       [0]    AN8_bit
0x0F81       [0]    AN11_bit
0x0F81       [0]    AN12_bit
0x0F82       [0]    T1OSI_bit
0x0F82       [0]    SDI_bit
0x0F82       [0]    RC3_bit
0x0F82       [0]    RC4_bit
0x0F82       [0]    T1CKI_bit
0x0F82       [0]    SDO_bit
0x0F82       [0]    RC0_bit
0x0F82       [0]    CCP2_PORTC_bit
0x0F82       [0]    RC1_bit
0x0F82       [0]    RC2_bit
0x0F82       [0]    TX_bit
0x0F82       [0]    T13CKI_bit
0x0F82       [0]    SCL_bit
0x0F82       [0]    RC6_bit
0x0F82       [0]    RC7_bit
0x0F82       [0]    RX__bit
0x0F82       [0]    SCK_bit
0x0F82       [1]    PORTC
0x0F82       [0]    CCP1_bit
0x0F82       [0]    T1OSO_bit
0x0F82       [0]    CK_bit
0x0F82       [0]    SDA_bit
0x0F82       [0]    RC5_bit
0x0F83       [0]    P1B_bit
0x0F83       [0]    RD6_bit
0x0F83       [0]    RD7_bit
0x0F83       [0]    P1D_bit
0x0F83       [0]    P1C_bit
0x0F83       [0]    PSP3_bit
0x0F83       [0]    PSP1_bit
0x0F83       [0]    PSP4_bit
0x0F83       [0]    PSP2_bit
0x0F83       [0]    PSP7_bit
0x0F83       [1]    PORTD
0x0F83       [0]    PSP0_bit
0x0F83       [0]    RD2_bit
0x0F83       [0]    RD0_bit
0x0F83       [0]    RD4_bit
0x0F83       [0]    RD5_bit
0x0F83       [0]    PSP6_bit
0x0F83       [0]    PSP5_bit
0x0F83       [0]    RD3_bit
0x0F83       [0]    RD1_bit
0x0F84       [0]    NOT_RD_bit
0x0F84       [0]    NOT_WR_bit
0x0F84       [0]    RE0_bit
0x0F84       [0]    RE1_bit
0x0F84       [0]    RE3_bit
0x0F84       [0]    RE2_bit
0x0F84       [0]    AN6_bit
0x0F84       [0]    MCLR_bit
0x0F84       [0]    AN7_bit
0x0F84       [0]    RD_bit
0x0F84       [0]    CS_bit
0x0F84       [0]    AN5_bit
0x0F84       [0]    NOT_CS_bit
0x0F84       [0]    NOT_MCLR_bit
0x0F84       [0]    VPP_bit
0x0F84       [0]    WR_bit
0x0F84       [1]    PORTE
0x0F89       [0]    LATA2_bit
0x0F89       [0]    LATA3_bit
0x0F89       [0]    LATA0_bit
0x0F89       [0]    LATA1_bit
0x0F89       [0]    LATA6_bit
0x0F89       [0]    LATA7_bit
0x0F89       [0]    LATA4_bit
0x0F89       [0]    LATA5_bit
0x0F89       [1]    LATA
0x0F8A       [0]    LATB5_bit
0x0F8A       [0]    LATB4_bit
0x0F8A       [0]    LATB7_bit
0x0F8A       [0]    LATB6_bit
0x0F8A       [0]    LATB3_bit
0x0F8A       [0]    LATB0_bit
0x0F8A       [1]    LATB
0x0F8A       [0]    LATB2_bit
0x0F8A       [0]    LATB1_bit
0x0F8B       [0]    LATC5_bit
0x0F8B       [0]    LATC4_bit
0x0F8B       [0]    LATC7_bit
0x0F8B       [0]    LATC6_bit
0x0F8B       [0]    LATC3_bit
0x0F8B       [0]    LATC0_bit
0x0F8B       [1]    LATC
0x0F8B       [0]    LATC2_bit
0x0F8B       [0]    LATC1_bit
0x0F8C       [0]    LATD5_bit
0x0F8C       [0]    LATD1_bit
0x0F8C       [0]    LATD6_bit
0x0F8C       [0]    LATD4_bit
0x0F8C       [0]    LATD3_bit
0x0F8C       [0]    LATD2_bit
0x0F8C       [0]    LATD7_bit
0x0F8C       [0]    LATD0_bit
0x0F8C       [1]    LATD
0x0F8D       [0]    LATE1_bit
0x0F8D       [1]    LATE
0x0F8D       [0]    LATE2_bit
0x0F8D       [0]    LATE0_bit
0x0F92       [0]    TRISA1_bit
0x0F92       [0]    TRISA4_bit
0x0F92       [0]    TRISA6_bit
0x0F92       [0]    TRISA5_bit
0x0F92       [0]    TRISA0_bit
0x0F92       [1]    TRISA
0x0F92       [0]    TRISA2_bit
0x0F92       [0]    TRISA3_bit
0x0F92       [0]    TRISA7_bit
0x0F93       [0]    TRISB2_bit
0x0F93       [0]    TRISB5_bit
0x0F93       [0]    TRISB7_bit
0x0F93       [0]    TRISB6_bit
0x0F93       [0]    TRISB1_bit
0x0F93       [0]    TRISB0_bit
0x0F93       [0]    TRISB3_bit
0x0F93       [0]    TRISB4_bit
0x0F93       [1]    TRISB
0x0F94       [0]    TRISC2_bit
0x0F94       [0]    TRISC3_bit
0x0F94       [1]    TRISC
0x0F94       [0]    TRISC1_bit
0x0F94       [0]    TRISC0_bit
0x0F94       [0]    TRISC7_bit
0x0F94       [0]    TRISC4_bit
0x0F94       [0]    TRISC5_bit
0x0F94       [0]    TRISC6_bit
0x0F95       [0]    TRISD6_bit
0x0F95       [0]    TRISD5_bit
0x0F95       [1]    TRISD
0x0F95       [0]    TRISD7_bit
0x0F95       [0]    TRISD4_bit
0x0F95       [0]    TRISD1_bit
0x0F95       [0]    TRISD0_bit
0x0F95       [0]    TRISD3_bit
0x0F95       [0]    TRISD2_bit
0x0F96       [0]    OBF_bit
0x0F96       [0]    OBF_TRISE_bit
0x0F96       [0]    TRISE0_bit
0x0F96       [0]    IBF_TRISE_bit
0x0F96       [0]    IBF_bit
0x0F96       [0]    TRISE1_bit
0x0F96       [0]    IBOV_TRISE_bit
0x0F96       [0]    IBOV_bit
0x0F96       [0]    TRISE2_bit
0x0F96       [1]    TRISE
0x0F96       [0]    PSPMODE_bit
0x0F96       [0]    PSPMODE_TRISE_bit
0x0F9B       [0]    TUN2_bit
0x0F9B       [0]    TUN1_bit
0x0F9B       [0]    TUN4_bit
0x0F9B       [0]    TUN3_bit
0x0F9B       [0]    TUN0_bit
0x0F9B       [1]    OSCTUNE
0x0F9B       [0]    INTSRC_bit
0x0F9B       [0]    PLLEN_bit
0x0F9D       [0]    PSPIE_bit
0x0F9D       [0]    TXIE_bit
0x0F9D       [0]    ADIE_bit
0x0F9D       [0]    TMR1IE_bit
0x0F9D       [1]    PIE1
0x0F9D       [0]    TMR2IE_bit
0x0F9D       [0]    CCP1IE_bit
0x0F9D       [0]    SSPIE_bit
0x0F9D       [0]    RCIE_bit
0x0F9E       [1]    PIR1
0x0F9E       [0]    TXIF_bit
0x0F9E       [0]    PSPIF_bit
0x0F9E       [0]    TMR2IF_bit
0x0F9E       [0]    SSPIF_bit
0x0F9E       [0]    CCP1IF_bit
0x0F9E       [0]    RCIF_bit
0x0F9E       [0]    ADIF_bit
0x0F9E       [0]    TMR1IF_bit
0x0F9F       [1]    IPR1
0x0F9F       [0]    PSPIP_bit
0x0F9F       [0]    CCP1IP_bit
0x0F9F       [0]    ADIP_bit
0x0F9F       [0]    TMR1IP_bit
0x0F9F       [0]    TXIP_bit
0x0F9F       [0]    TMR2IP_bit
0x0F9F       [0]    RCIP_bit
0x0F9F       [0]    SSPIP_bit
0x0FA0       [0]    HLVDIE_bit
0x0FA0       [0]    OSCFIE_bit
0x0FA0       [0]    CCP2IE_bit
0x0FA0       [0]    LVDIE_bit
0x0FA0       [1]    PIE2
0x0FA0       [0]    CMIE_bit
0x0FA0       [0]    BCLIE_bit
0x0FA0       [0]    EEIE_bit
0x0FA0       [0]    TMR3IE_bit
0x0FA1       [0]    BCLIF_bit
0x0FA1       [0]    CCP2IF_bit
0x0FA1       [0]    HLVDIF_bit
0x0FA1       [0]    CMIF_bit
0x0FA1       [0]    EEIF_bit
0x0FA1       [0]    TMR3IF_bit
0x0FA1       [1]    PIR2
0x0FA1       [0]    OSCFIF_bit
0x0FA1       [0]    LVDIF_bit
0x0FA2       [0]    CMIP_bit
0x0FA2       [1]    IPR2
0x0FA2       [0]    HLVDIP_bit
0x0FA2       [0]    TMR3IP_bit
0x0FA2       [0]    OSCFIP_bit
0x0FA2       [0]    LVDIP_bit
0x0FA2       [0]    CCP2IP_bit
0x0FA2       [0]    EEIP_bit
0x0FA2       [0]    BCLIP_bit
0x0FA6       [1]    EECON1
0x0FA6       [0]    CFGS_bit
0x0FA6       [0]    WR_EECON1_bit
0x0FA6       [0]    EEPGD_bit
0x0FA6       [0]    RD_EECON1_bit
0x0FA6       [0]    WREN_bit
0x0FA6       [0]    WRERR_bit
0x0FA6       [0]    FREE_bit
0x0FA7       [1]    EECON2
0x0FA8       [1]    EEDATA
0x0FA9       [1]    EEADR
0x0FAB       [0]    ADEN_bit
0x0FAB       [0]    ADDEN_bit
0x0FAB       [0]    CREN_bit
0x0FAB       [0]    RX9D_bit
0x0FAB       [0]    RX9_bit
0x0FAB       [0]    SPEN_bit
0x0FAB       [0]    FERR_bit
0x0FAB       [1]    RCSTA
0x0FAB       [0]    OERR_bit
0x0FAB       [0]    SREN_bit
0x0FAC       [0]    CSRC_bit
0x0FAC       [0]    TX9D_bit
0x0FAC       [1]    TXSTA
0x0FAC       [0]    SYNC_bit
0x0FAC       [0]    SENDB_bit
0x0FAC       [0]    TX9_bit
0x0FAC       [0]    TRMT_bit
0x0FAC       [0]    BRGH_bit
0x0FAC       [0]    TXEN_bit
0x0FAD       [1]    TXREG
0x0FAE       [1]    RCREG
0x0FAF       [1]    SPBRG
0x0FB0       [1]    SPBRGH
0x0FB1       [0]    TMR3CS_bit
0x0FB1       [0]    TMR3ON_bit
0x0FB1       [0]    T3CKPS0_bit
0x0FB1       [1]    T3CON
0x0FB1       [0]    T3CCP1_bit
0x0FB1       [0]    T3CCP2_bit
0x0FB1       [0]    RD16_bit
0x0FB1       [0]    NOT_T3SYNC_bit
0x0FB1       [0]    T3SYNC_bit
0x0FB1       [0]    T3CKPS1_bit
0x0FB2       [1]    TMR3L
0x0FB3       [1]    TMR3H
0x0FB4       [1]    CMCON
0x0FB4       [0]    CM0_bit
0x0FB4       [0]    C1INV_bit
0x0FB4       [0]    C1OUT_bit
0x0FB4       [0]    C2OUT_bit
0x0FB4       [0]    CIS_bit
0x0FB4       [0]    CM1_bit
0x0FB4       [0]    CM2_bit
0x0FB4       [0]    C2INV_bit
0x0FB5       [1]    CVRCON
0x0FB5       [0]    CVRSS_bit
0x0FB5       [0]    CVR1_bit
0x0FB5       [0]    CVR0_bit
0x0FB5       [0]    CVR2_bit
0x0FB5       [0]    CVREN_bit
0x0FB5       [0]    CVROE_bit
0x0FB5       [0]    CVRR_bit
0x0FB5       [0]    CVR3_bit
0x0FB6       [1]    ECCP1AS
0x0FB6       [0]    ECCPASE_bit
0x0FB6       [0]    ECCPAS0_bit
0x0FB6       [0]    ECCPAS2_bit
0x0FB6       [0]    PSSBD1_bit
0x0FB6       [0]    ECCPAS1_bit
0x0FB6       [0]    PSSAC1_bit
0x0FB6       [0]    PSSAC0_bit
0x0FB6       [0]    PSSBD0_bit
0x0FB7       [0]    PDC4_bit
0x0FB7       [0]    PDC5_bit
0x0FB7       [0]    PDC6_bit
0x0FB7       [1]    PWM1CON
0x0FB7       [0]    PDC1_bit
0x0FB7       [0]    PRSEN_bit
0x0FB7       [0]    PDC2_bit
0x0FB7       [0]    PDC3_bit
0x0FB7       [0]    PDC0_bit
0x0FB8       [0]    RXDTP_bit
0x0FB8       [0]    RCMT_bit
0x0FB8       [1]    BAUDCON
0x0FB8       [0]    ABDEN_bit
0x0FB8       [1]    BAUDCTL
0x0FB8       [0]    SCKP_bit
0x0FB8       [0]    ABDOVF_bit
0x0FB8       [0]    TXCKP_bit
0x0FB8       [0]    WUE_bit
0x0FB8       [0]    RCIDL_bit
0x0FB8       [0]    BRG16_bit
0x0FBA       [1]    CCP2CON
0x0FBA       [0]    CCP2M2_bit
0x0FBA       [0]    CCP2M0_bit
0x0FBA       [0]    CCP2M1_bit
0x0FBA       [0]    CCP2X_bit
0x0FBA       [0]    CCP2Y_bit
0x0FBA       [0]    DC2B0_bit
0x0FBA       [0]    CCP2M3_bit
0x0FBA       [0]    DC2B1_bit
0x0FBB       [2]    CCPR2
0x0FBB       [1]    CCPR2L
0x0FBC       [1]    CCPR2H
0x0FBD       [0]    CCP1M0_bit
0x0FBD       [0]    CCP1X_bit
0x0FBD       [0]    CCP1M2_bit
0x0FBD       [0]    CCP1M3_bit
0x0FBD       [0]    P1M1_bit
0x0FBD       [0]    DC1B1_bit
0x0FBD       [0]    CCP1Y_bit
0x0FBD       [1]    CCP1CON
0x0FBD       [0]    DC1B0_bit
0x0FBD       [0]    P1M0_bit
0x0FBD       [0]    CCP1M1_bit
0x0FBE       [1]    CCPR1L
0x0FBE       [2]    CCPR1
0x0FBF       [1]    CCPR1H
0x0FC0       [0]    ADCS0_bit
0x0FC0       [0]    ADCS1_bit
0x0FC0       [1]    ADCON2
0x0FC0       [0]    ACQT2_bit
0x0FC0       [0]    ADCS2_bit
0x0FC0       [0]    ACQT0_bit
0x0FC0       [0]    ADFM_bit
0x0FC0       [0]    ACQT1_bit
0x0FC1       [0]    PCFG3_bit
0x0FC1       [0]    VCFG1_bit
0x0FC1       [0]    PCFG2_bit
0x0FC1       [0]    VCFG0_bit
0x0FC1       [1]    ADCON1
0x0FC1       [0]    PCFG0_bit
0x0FC1       [0]    PCFG1_bit
0x0FC2       [0]    ADON_bit
0x0FC2       [0]    DONE_bit
0x0FC2       [0]    NOT_DONE_bit
0x0FC2       [0]    CHS2_bit
0x0FC2       [0]    GO_bit
0x0FC2       [0]    CHS0_bit
0x0FC2       [0]    CHS1_bit
0x0FC2       [0]    GO_DONE_bit
0x0FC2       [1]    ADCON0
0x0FC2       [0]    CHS3_bit
0x0FC3       [2]    ADRES
0x0FC3       [1]    ADRESL
0x0FC4       [1]    ADRESH
0x0FC5       [0]    PEN_bit
0x0FC5       [0]    GCEN_bit
0x0FC5       [1]    SSPCON2
0x0FC5       [0]    ACKEN_bit
0x0FC5       [0]    ACKSTAT_bit
0x0FC5       [0]    SEN_bit
0x0FC5       [0]    RCEN_bit
0x0FC5       [0]    ACKDT_bit
0x0FC5       [0]    RSEN_bit
0x0FC6       [0]    CKP_bit
0x0FC6       [0]    SSPM1_bit
0x0FC6       [0]    SSPM2_bit
0x0FC6       [0]    SSPOV_bit
0x0FC6       [0]    SSPM3_bit
0x0FC6       [0]    SSPM0_bit
0x0FC6       [0]    WCOL_bit
0x0FC6       [1]    SSPCON1
0x0FC6       [0]    SSPEN_bit
0x0FC7       [0]    NOT_W_bit
0x0FC7       [0]    R_W_bit
0x0FC7       [0]    NOT_WRITE_bit
0x0FC7       [0]    R_bit
0x0FC7       [0]    UA_bit
0x0FC7       [0]    CKE_bit
0x0FC7       [0]    BF_bit
0x0FC7       [1]    SSPSTAT
0x0FC7       [0]    P_bit
0x0FC7       [0]    SMP_bit
0x0FC7       [0]    D_bit
0x0FC7       [0]    D_A_bit
0x0FC7       [0]    S_bit
0x0FC7       [0]    NOT_A_bit
0x0FC7       [0]    NOT_ADDRESS_bit
0x0FC8       [1]    SSPADD
0x0FC9       [1]    SSPBUF
0x0FCA       [0]    T2OUTPS0_bit
0x0FCA       [0]    TMR2ON_bit
0x0FCA       [0]    T2CKPS1_bit
0x0FCA       [0]    T2CKPS0_bit
0x0FCA       [1]    T2CON
0x0FCA       [0]    T2OUTPS2_bit
0x0FCA       [0]    T2OUTPS3_bit
0x0FCA       [0]    T2OUTPS1_bit
0x0FCB       [1]    PR2
0x0FCC       [1]    TMR2
0x0FCD       [1]    T1CON
0x0FCD       [0]    T1CKPS0_bit
0x0FCD       [0]    NOT_T1SYNC_bit
0x0FCD       [0]    RD16_T1CON_bit
0x0FCD       [0]    T1CKPS1_bit
0x0FCD       [0]    T1SYNC_bit
0x0FCD       [0]    T1RUN_bit
0x0FCD       [0]    T1OSCEN_bit
0x0FCD       [0]    TMR1CS_bit
0x0FCD       [0]    TMR1ON_bit
0x0FCE       [1]    TMR1L
0x0FCF       [1]    TMR1H
0x0FD0       [0]    TO__bit
0x0FD0       [0]    NOT_BOR_bit
0x0FD0       [0]    RI_bit
0x0FD0       [0]    SBOREN_bit
0x0FD0       [0]    NOT_POR_bit
0x0FD0       [0]    NOT_PD_bit
0x0FD0       [0]    NOT_RI_bit
0x0FD0       [0]    NOT_TO_bit
0x0FD0       [0]    POR_bit
0x0FD0       [0]    BOR_bit
0x0FD0       [1]    RCON
0x0FD0       [0]    PD_bit
0x0FD0       [0]    IPEN_bit
0x0FD1       [1]    WDTCON
0x0FD1       [0]    SWDTE_bit
0x0FD1       [0]    SWDTEN_bit
0x0FD2       [0]    LVV1_bit
0x0FD2       [0]    LVV0_bit
0x0FD2       [0]    LVV2_bit
0x0FD2       [0]    BGST_bit
0x0FD2       [0]    LVV3_bit
0x0FD2       [0]    IRVST_bit
0x0FD2       [0]    IVRST_bit
0x0FD2       [0]    HLVDL1_bit
0x0FD2       [0]    HLVDL2_bit
0x0FD2       [1]    HLVDCON
0x0FD2       [0]    VDIRMAG_bit
0x0FD2       [0]    HLVDL3_bit
0x0FD2       [0]    HLVDL0_bit
0x0FD2       [0]    LVDL1_bit
0x0FD2       [0]    LVDL2_bit
0x0FD2       [0]    LVDL3_bit
0x0FD2       [0]    LVDL0_bit
0x0FD2       [0]    HLVDEN_bit
0x0FD2       [1]    LVDCON
0x0FD2       [0]    LVDEN_bit
0x0FD3       [1]    OSCCON
0x0FD3       [0]    IRCF2_bit
0x0FD3       [0]    IRCF1_bit
0x0FD3       [0]    SCS1_bit
0x0FD3       [0]    OSTS_bit
0x0FD3       [0]    SCS0_bit
0x0FD3       [0]    FLTS_bit
0x0FD3       [0]    IOFS_bit
0x0FD3       [0]    IRCF0_bit
0x0FD3       [0]    IDLEN_bit
0x0FD5       [0]    TMR0ON_bit
0x0FD5       [0]    PSA_bit
0x0FD5       [0]    T0CS_bit
0x0FD5       [0]    T08BIT_bit
0x0FD5       [0]    T0PS0_bit
0x0FD5       [0]    T0PS2_bit
0x0FD5       [0]    T0SE_bit
0x0FD5       [1]    T0CON
0x0FD5       [0]    T0PS1_bit
0x0FD6       [1]    TMR0L
0x0FD7       [1]    TMR0H
0x0FD8       [0]    Z_bit
0x0FD8       [0]    N_bit
0x0FD8       [0]    C_bit
0x0FD8       [0]    OV_bit
0x0FD8       [1]    STATUS
0x0FD8       [0]    DC_bit
0x0FD9       [1]    FSR2L
0x0FD9       [2]    FSR2
0x0FD9       [2]    FSR2PTR
0x0FDA       [1]    FSR2H
0x0FDB       [1]    PLUSW2
0x0FDC       [1]    PREINC2
0x0FDD       [1]    POSTDEC2
0x0FDE       [1]    POSTINC2
0x0FDF       [1]    INDF2
0x0FE0       [1]    BSR
0x0FE1       [1]    FSR1L
0x0FE1       [2]    FSR1PTR
0x0FE1       [2]    FSR1
0x0FE2       [1]    FSR1H
0x0FE3       [1]    PLUSW1
0x0FE4       [1]    PREINC1
0x0FE5       [1]    POSTDEC1
0x0FE6       [1]    POSTINC1
0x0FE7       [1]    INDF1
0x0FE8       [1]    WREG
0x0FE9       [2]    FSR0PTR
0x0FE9       [1]    FSR0L
0x0FE9       [2]    FSR0
0x0FEA       [1]    FSR0H
0x0FEB       [1]    PLUSW0
0x0FEC       [1]    PREINC0
0x0FED       [1]    POSTDEC0
0x0FEE       [1]    POSTINC0
0x0FEF       [1]    INDF0
0x0FF0       [0]    INT2E_bit
0x0FF0       [0]    INT1P_bit
0x0FF0       [0]    INT2F_bit
0x0FF0       [0]    INT2IF_bit
0x0FF0       [0]    INT2IE_bit
0x0FF0       [0]    INT1F_bit
0x0FF0       [0]    INT1E_bit
0x0FF0       [0]    INT1IE_bit
0x0FF0       [0]    INT1IP_bit
0x0FF0       [0]    INT1IF_bit
0x0FF0       [0]    INT2IP_bit
0x0FF0       [1]    INTCON3
0x0FF0       [0]    INT2P_bit
0x0FF1       [0]    RBIP_bit
0x0FF1       [0]    TMR0IP_bit
0x0FF1       [0]    INTEDG2_bit
0x0FF1       [0]    INTEDG1_bit
0x0FF1       [0]    INTEDG0_bit
0x0FF1       [0]    RBPU_bit
0x0FF1       [1]    INTCON2
0x0FF1       [0]    NOT_RBPU_bit
0x0FF2       [0]    GIE_bit
0x0FF2       [0]    INT0E_bit
0x0FF2       [0]    INT0F_bit
0x0FF2       [0]    GIEH_bit
0x0FF2       [0]    TMR0IF_bit
0x0FF2       [0]    TMR0IE_bit
0x0FF2       [0]    GIEL_bit
0x0FF2       [1]    INTCON
0x0FF2       [0]    RBIF_bit
0x0FF2       [0]    T0IE_bit
0x0FF2       [0]    T0IF_bit
0x0FF2       [0]    INT0IF_bit
0x0FF2       [0]    INT0IE_bit
0x0FF2       [0]    PEIE_bit
0x0FF2       [0]    RBIE_bit
0x0FF3       [2]    PROD
0x0FF3       [1]    PRODL
0x0FF4       [1]    PRODH
0x0FF5       [1]    TABLAT
0x0FF6       [1]    TBLPTRL
0x0FF6       [3]    TBLPTR
0x0FF7       [1]    TBLPTRH
0x0FF8       [0]    TBLPTRU2_bit
0x0FF8       [0]    TBLPTRU3_bit
0x0FF8       [0]    TBLPTRU0_bit
0x0FF8       [0]    TBLPTRU1_bit
0x0FF8       [0]    TBLPTRU4_bit
0x0FF8       [0]    ACSS_bit
0x0FF8       [1]    TBLPTRU
0x0FF9       [1]    PCL
0x0FF9       [1]    PC
0x0FFA       [1]    PCLATH
0x0FFB       [0]    PCU4_bit
0x0FFB       [1]    PCLATU
0x0FFB       [0]    PCU3_bit
0x0FFB       [0]    PCU0_bit
0x0FFB       [0]    PCU1_bit
0x0FFB       [0]    PCU2_bit
0x0FFC       [0]    SP1_bit
0x0FFC       [0]    SP0_bit
0x0FFC       [1]    STKPTR
0x0FFC       [0]    STKFUL_bit
0x0FFC       [0]    STKOVF_bit
0x0FFC       [0]    STKUNF_bit
0x0FFC       [0]    SP2_bit
0x0FFC       [0]    SP3_bit
0x0FFC       [0]    SP4_bit
0x0FFD       [1]    TOSL
0x0FFE       [1]    TOSH
0x0FFF       [1]    TOSU
//** Label List: ** 
//----------------------------------------------
  L_Input0
  L_Input1
  L_Input2
  L_Input3
  L_interrupt4
  L_interrupt5
  L_interrupt6
  L_interrupt7
  L_interrupt8
  L_interrupt9
  L_interrupt10
  L_interrupt11
  L_main12
  L_main13
  L_main14
  L_main15
  L_main16
  L_main17
  L_main18
  L_main19
  L_main20
  L_main21
  L_main22
  L_main23
  L_main24
  L_main25
  L_main26
  L_main27
  L_main28
  L_main29
  L_main30
  L_main31
  L_main32
  L_main33
  L_main34
  L_main35
  L_main36
  L_main37
  L_main38
  L_main39
  L_main40
  L_main41
  L_main42
  L_main43
  L_main44
  L_main45
  L_main46
  L_main47
  L_main48
  L_main49
  L_main50
  L_main51
  L_main52
  L_main53
  L_main54
  L_main55
  L_main56
  L_main57
  L__Input58
  _Input
  _Number
  _Display
  _interrupt
  L__interrupt59
  L__interrupt60
  L__interrupt61
  L__interrupt62
  L__interrupt63
  L__interrupt64
  L__interrupt65
  L__interrupt66
  L__interrupt67
  L__interrupt68
  L__interrupt69
  _main
  L__main70
  L__main71
  L__main72
  L__main73
  L__main74
  L__main75
  L__main76
  L__main77
  L__main78
  L__main79
  L__main80
  L__main81
  L__main82
  L__main83
  L__main84
  L__main85
  L__main86
  L__main87
  L__main88
  _CC2D_Loop1
  _CC2DL_Loop1
  L_longjmp2
  ___CC2D
  ___CC2DW
  _____DoIFC
  _Swap
  _setjmp
  _longjmp
  L_Input0
  L_Input1
  L_Input2
  L_Input3
  L_interrupt4
  L_interrupt5
  L_interrupt6
  L_interrupt7
  L_interrupt8
  L_interrupt9
  L_interrupt10
  L_interrupt11
  L_main12
  L_main13
  L_main14
  L_main15
  L_main16
  L_main17
  L_main18
  L_main19
  L_main20
  L_main21
  L_main22
  L_main23
  L_main24
  L_main25
  L_main26
  L_main27
  L_main28
  L_main29
  L_main30
  L_main31
  L_main32
  L_main33
  L_main34
  L_main35
  L_main36
  L_main37
  L_main38
  L_main39
  L_main40
  L_main41
  L_main42
  L_main43
  L_main44
  L_main45
  L_main46
  L_main47
  L_main48
  L_main49
  L_main50
  L_main51
  L_main52
  L_main53
  L_main54
  L_main55
  L_main56
  L_main57
  L__Input58
  _Input
  _Number
  _Display
  _interrupt
  L__interrupt59
  L__interrupt60
  L__interrupt61
  L__interrupt62
  L__interrupt63
  L__interrupt64
  L__interrupt65
  L__interrupt66
  L__interrupt67
  L__interrupt68
  L__interrupt69
  _main
  L__main70
  L__main71
  L__main72
  L__main73
  L__main74
  L__main75
  L__main76
  L__main77
  L__main78
  L__main79
  L__main80
  L__main81
  L__main82
  L__main83
  L__main84
  L__main85
  L__main86
  L__main87
  L__main88
  L_Div_16x16_S0
  L_Div_16x16_S1
  LOOPS3232A
  SADD22LA
  SOK22LA
  SADD22L8
  SOK22L8
  LOOPS3232B
  SADD22LB
  SOK22LB
  SADD22L16
  SOK22L16
  LOOPS3232C
  SADD22LC
  SOK22LC
  SADD22L24
  SOK22L24
  LOOPS3232D
  SADD22LD
  SOK22LD
  SOK22L
  L_Div_32x32_S6
  L_Div_32x32_S7
  L_Div_32x32_S8
  L_Div_32x32_S9
  FXD3232S
  END_ALL
  CA3232S
  C3232SX
  C3232SX1
  C3232S
  C3232S2
  C3232SX4
  C3232SOK
  C3232SX3
  C3232SX2
  avoid_comfrem
  LOOPU3232A
  UADD22LA
  UOK22LA
  UADD22L8
  UOK22L8
  LOOPU3232B
  UADD22LB
  UOK22LB
  UADD22L16
  UOK22L16
  LOOPU3232C
  UADD22LC
  UOK22LC
  UADD22L24
  UOK22L24
  LOOPU3232D
  UADD22LD
  UOK22LD
  UOK22L
  _NEXT
  _EXIT2
  _LOOP
  _EXIT1
  _IF_FIRST
  _IF_SECOND
  _INVERCE_FIRST
  _MULT
  _INBERSE_SECOND
  _EXIT
  _Div_8x8_U
  _Div_16x16_U
  _Div_16x16_S_L
  _Div_16x16_S
  _Div_8x8_S
  _Mul_8x8_S
  _Mul_16x16_U
  _Mul_16x16_S
  _SDIV3232L
  _COMFREM
  _Div_32x32_S
  _Div_32x32_U
  _Mul_32x32_U
  _Mul_32x32_S
